# file: /Users/tefx/Projects/Invar/src/invar/core/format_specs.py
# hypothesis_version: 6.148.8

[': error:', '::', 'AssertionError', 'AttributeError', 'Checking module...', 'ERROR', 'FAILED', 'IndexError', 'KeyError', 'PASSED', 'TypeError', 'ValueError', 'ZeroDivisionError', '[a-z_]+\\.py', '\\\\d+', 'crosshair_output', 'func', 'pytest_output', 'test.py', 'x=0']